<?xml version="1.0" encoding="UTF-8"?>
<testng-results skipped="0" failed="0" total="2" passed="2">
  <reporter-output>
  </reporter-output>
  <suite name="Suite" duration-ms="54584" started-at="2018-08-31T02:35:03Z" finished-at="2018-08-31T02:35:57Z">
    <groups>
    </groups>
    <test name="On Windows and firefox" duration-ms="50857" started-at="2018-08-31T02:35:03Z" finished-at="2018-08-31T02:35:54Z">
      <class name="grid.GridEg">
        <test-method status="PASS" signature="tt(java.lang.String, java.lang.String)[pri:0, instance:grid.GridEg@7ac7a4e4]" name="tt" duration-ms="50775" started-at="2018-08-31T08:05:03Z" finished-at="2018-08-31T08:05:54Z">
          <params>
            <param index="0">
              <value>
                <![CDATA[windows]]>
              </value>
            </param>
            <param index="1">
              <value>
                <![CDATA[firefox]]>
              </value>
            </param>
          </params>
          <reporter-output>
          </reporter-output>
        </test-method> <!-- tt -->
      </class> <!-- grid.GridEg -->
    </test> <!-- On Windows and firefox -->
    <test name="On Windows and chrome" duration-ms="54584" started-at="2018-08-31T02:35:03Z" finished-at="2018-08-31T02:35:57Z">
      <class name="grid.GridEg">
        <test-method status="PASS" signature="tt(java.lang.String, java.lang.String)[pri:0, instance:grid.GridEg@d2cc05a]" name="tt" duration-ms="54514" started-at="2018-08-31T08:05:03Z" finished-at="2018-08-31T08:05:57Z">
          <params>
            <param index="0">
              <value>
                <![CDATA[windows]]>
              </value>
            </param>
            <param index="1">
              <value>
                <![CDATA[chrome]]>
              </value>
            </param>
          </params>
          <reporter-output>
          </reporter-output>
        </test-method> <!-- tt -->
      </class> <!-- grid.GridEg -->
    </test> <!-- On Windows and chrome -->
  </suite> <!-- Suite -->
</testng-results>
